2025-10-30 13:28:23 [main] INFO  c.josephken.roors.RoorsApplication - Starting RoorsApplication using Java 21 with PID 15924 (D:\BK\CNPM\project\roors-api\target\classes started by DAT in D:\BK\CNPM\project\roors-api)
2025-10-30 13:28:23 [main] DEBUG c.josephken.roors.RoorsApplication - Running with Spring Boot v3.5.6, Spring v6.2.11
2025-10-30 13:28:23 [main] INFO  c.josephken.roors.RoorsApplication - The following 1 profile is active: "dev"
2025-10-30 13:28:23 [main] INFO  o.s.d.r.c.RepositoryConfigurationDelegate - Bootstrapping Spring Data JPA repositories in DEFAULT mode.
2025-10-30 13:28:23 [main] INFO  o.s.d.r.c.RepositoryConfigurationDelegate - Finished Spring Data repository scanning in 48 ms. Found 1 JPA repository interface.
2025-10-30 13:28:24 [main] INFO  o.s.b.w.e.tomcat.TomcatWebServer - Tomcat initialized with port 8080 (http)
2025-10-30 13:28:24 [main] INFO  o.a.catalina.core.StandardService - Starting service [Tomcat]
2025-10-30 13:28:24 [main] INFO  o.a.catalina.core.StandardEngine - Starting Servlet engine: [Apache Tomcat/10.1.46]
2025-10-30 13:28:24 [main] INFO  o.a.c.c.C.[Tomcat].[localhost].[/] - Initializing Spring embedded WebApplicationContext
2025-10-30 13:28:24 [main] INFO  o.s.b.w.s.c.ServletWebServerApplicationContext - Root WebApplicationContext: initialization completed in 929 ms
2025-10-30 13:28:24 [main] INFO  o.h.jpa.internal.util.LogHelper - HHH000204: Processing PersistenceUnitInfo [name: default]
2025-10-30 13:28:24 [main] INFO  org.hibernate.Version - HHH000412: Hibernate ORM core version 6.6.29.Final
2025-10-30 13:28:24 [main] INFO  o.h.c.i.RegionFactoryInitiator - HHH000026: Second-level cache disabled
2025-10-30 13:28:24 [main] INFO  o.s.o.j.p.SpringPersistenceUnitInfo - No LoadTimeWeaver setup: ignoring JPA class transformer
2025-10-30 13:28:24 [main] INFO  com.zaxxer.hikari.HikariDataSource - HikariPool-1 - Starting...
2025-10-30 13:28:24 [main] INFO  com.zaxxer.hikari.pool.HikariPool - HikariPool-1 - Added connection org.postgresql.jdbc.PgConnection@7440265c
2025-10-30 13:28:24 [main] INFO  com.zaxxer.hikari.HikariDataSource - HikariPool-1 - Start completed.
2025-10-30 13:28:24 [main] INFO  o.hibernate.orm.connections.pooling - HHH10001005: Database info:
	Database JDBC URL [Connecting through datasource 'HikariDataSource (HikariPool-1)']
	Database driver: undefined/unknown
	Database version: 17.6
	Autocommit mode: undefined/unknown
	Isolation level: undefined/unknown
	Minimum pool size: undefined/unknown
	Maximum pool size: undefined/unknown
2025-10-30 13:28:25 [main] INFO  o.h.e.t.j.p.i.JtaPlatformInitiator - HHH000489: No JTA platform available (set 'hibernate.transaction.jta.platform' to enable JTA platform integration)
2025-10-30 13:28:25 [main] INFO  o.s.o.j.LocalContainerEntityManagerFactoryBean - Initialized JPA EntityManagerFactory for persistence unit 'default'
2025-10-30 13:28:25 [main] DEBUG c.j.roors.auth.JwtTokenFilter - Filter 'jwtTokenFilter' configured for use
2025-10-30 13:28:25 [main] DEBUG c.j.roors.auth.JwtTokenFilter - Filter 'authenticationJwtTokenFilter' configured for use
2025-10-30 13:28:25 [main] INFO  o.s.s.c.a.a.c.InitializeUserDetailsBeanManagerConfigurer$InitializeUserDetailsManagerConfigurer - Global AuthenticationManager configured with UserDetailsService bean with name userService
2025-10-30 13:28:25 [main] WARN  o.s.b.a.o.j.JpaBaseConfiguration$JpaWebConfiguration - spring.jpa.open-in-view is enabled by default. Therefore, database queries may be performed during view rendering. Explicitly configure spring.jpa.open-in-view to disable this warning
2025-10-30 13:28:25 [main] INFO  o.s.v.b.OptionalValidatorFactoryBean - Failed to set up a Bean Validation provider: jakarta.validation.NoProviderFoundException: Unable to create a Configuration, because no Jakarta Bean Validation provider could be found. Add a provider like Hibernate Validator (RI) to your classpath.
2025-10-30 13:28:26 [main] INFO  o.s.b.w.e.tomcat.TomcatWebServer - Tomcat started on port 8080 (http) with context path '/'
2025-10-30 13:28:26 [main] INFO  c.josephken.roors.RoorsApplication - Started RoorsApplication in 3.124 seconds (process running for 3.389)
2025-10-30 13:28:29 [http-nio-8080-exec-1] INFO  o.a.c.c.C.[Tomcat].[localhost].[/] - Initializing Spring DispatcherServlet 'dispatcherServlet'
2025-10-30 13:28:29 [http-nio-8080-exec-1] INFO  o.s.web.servlet.DispatcherServlet - Initializing Servlet 'dispatcherServlet'
2025-10-30 13:28:29 [http-nio-8080-exec-1] INFO  o.s.web.servlet.DispatcherServlet - Completed initialization in 1 ms
2025-10-30 13:28:29 [http-nio-8080-exec-4] INFO  c.j.r.auth.controller.AuthController - [USER] Registration attempt - username: dat.nguyen1206@hcmut.edu.vn, email: dat.nguyen1206@hcmut.edu.vn
2025-10-30 13:28:29 [http-nio-8080-exec-4] INFO  c.j.r.auth.controller.AuthController - [USER] Registration successful - username: dat.nguyen1206@hcmut.edu.vn
2025-10-30 13:28:29 [http-nio-8080-exec-6] INFO  c.j.r.auth.controller.AuthController - [USER] Registration attempt - username: dat.nguyen1206@hcmut.edu.vn, email: another_dat.nguyen1206@hcmut.edu.vn
2025-10-30 13:28:29 [http-nio-8080-exec-6] WARN  c.j.r.auth.controller.AuthController - [USER] Registration failed - Username already taken: dat.nguyen1206@hcmut.edu.vn
2025-10-30 13:28:29 [http-nio-8080-exec-7] INFO  c.j.r.auth.controller.AuthController - [USER] Login attempt - username: dat.nguyen1206@hcmut.edu.vn
2025-10-30 13:28:29 [http-nio-8080-exec-7] INFO  c.j.r.auth.controller.AuthController - [USER] Login successful - username: dat.nguyen1206@hcmut.edu.vn
2025-10-30 13:28:29 [http-nio-8080-exec-9] INFO  c.j.r.auth.controller.AuthController - [USER] Login attempt - username: dat.nguyen1206@hcmut.edu.vn
2025-10-30 13:28:29 [http-nio-8080-exec-9] WARN  c.j.r.auth.controller.AuthController - [USER] Login failed - Invalid credentials for username: dat.nguyen1206@hcmut.edu.vn
2025-10-30 13:28:29 [http-nio-8080-exec-1] INFO  c.j.r.auth.controller.AuthController - [USER] Change password attempt - user: dat.nguyen1206@hcmut.edu.vn
2025-10-30 13:28:29 [http-nio-8080-exec-1] INFO  c.j.r.auth.controller.AuthController - [USER] Password changed successfully - user: dat.nguyen1206@hcmut.edu.vn
2025-10-30 13:28:29 [http-nio-8080-exec-3] INFO  c.j.r.auth.controller.AuthController - [USER] Change password attempt - user: dat.nguyen1206@hcmut.edu.vn
2025-10-30 13:28:29 [http-nio-8080-exec-3] WARN  c.j.r.auth.controller.AuthController - [USER] Change password failed - Old password is incorrect
2025-10-30 13:28:29 [http-nio-8080-exec-4] WARN  c.j.r.auth.controller.AuthController - [USER] Change password failed - User not authenticated
2025-10-30 13:28:29 [http-nio-8080-exec-5] INFO  c.j.r.auth.controller.AuthController - [USER] Forgot password request - email: dat.nguyen1206@hcmut.edu.vn
2025-10-30 13:28:43 [http-nio-8080-exec-5] INFO  c.j.roors.auth.service.EmailService - [SYSTEM] Password reset email sent successfully - recipient: dat.nguyen1206@hcmut.edu.vn
2025-10-30 13:28:43 [http-nio-8080-exec-7] INFO  c.j.r.auth.controller.AuthController - [USER] Forgot password request - email: nonexistent@example.com
2025-10-30 13:28:43 [http-nio-8080-exec-9] INFO  c.j.r.auth.controller.AuthController - [USER] Password reset attempt - token: invalid-...
2025-10-30 13:28:43 [http-nio-8080-exec-9] WARN  c.j.r.auth.controller.AuthController - [USER] Password reset failed - Invalid reset token
2025-10-30 13:28:43 [http-nio-8080-exec-10] INFO  c.j.r.admin.controller.LogController - [ADMIN] Viewing logs - category: null, level: null, limit: 50, page: 1
2025-10-30 13:28:43 [http-nio-8080-exec-2] INFO  c.j.r.admin.controller.LogController - [ADMIN] Viewing logs - category: AUTH, level: null, limit: 50, page: 1
2025-10-30 13:28:43 [http-nio-8080-exec-4] INFO  c.j.r.admin.controller.LogController - [ADMIN] Viewing logs - category: null, level: WARN, limit: 50, page: 1
2025-10-30 13:28:43 [http-nio-8080-exec-6] INFO  c.j.r.admin.controller.LogController - [ADMIN] Requesting log categories
